INFO--log_tools.setup_logger:   日志系统初始化完成
INFO--main_for_infinity2B_SP_PS.main_for_Infinity2B_SeqParal_PredSparse:   Infinity2B模型-序列并行+预测稀疏-模型运行开始
INFO--hardware_config.__init__:   CIM配置: 存算比=1, 权重位宽=8, 宏：32行 x 16列
INFO--hardware_config.__init__:   工作频率=400MHz, 功耗=4.048582995951417e-14J/op
INFO--hardware_config.__init__:   DRAM配置: 带宽=249999392.768KB/s, 功耗=7.20896e-09J/KB
INFO--hardware_config.__init__:   NoC配置: 包宽度=1024bit, 带宽=50000000.0KB/s, 工作频率=400MHz, 功耗=5.48864e-08J/KB
INFO--hardware_config.__init__:   NNULT配置: entry_num=256, cycle_period=2.4999999999999998e-06ms, power=2.1584mW
INFO--CrossAttn_Layer_Baseline.q_gen_per_core:   start q_gen_per_core
INFO--CrossAttn_Layer_Baseline.k_gen_per_core:   start k_gen_per_core
INFO--CrossAttn_Layer_Baseline.v_gen_per_core:   start v_gen_per_core
INFO--CrossAttn_Layer_Baseline.psum_s_gen_per_core:   start psum_s_gen_per_core
INFO--CrossAttn_Layer_Baseline.s_allreduce_on_noc_per_core:   start s_allreduce_on_noc_per_core
INFO--CrossAttn_Layer_Baseline.sv_gen_per_core:   start sv_gen_per_core
INFO--CrossAttn_Layer_Baseline.psum_o_gen_per_core:   start psum_o_gen_per_core
INFO--CrossAttn_Layer_Baseline.o_allreduce_per_core:   start o_allreduce_per_core
INFO--Latency_Computer.softmax_latency:   softmax in_matrix shape=1*48
INFO--Latency_Computer.softmax_latency:   per_row_turns=1, row_num=1
INFO--Latency_Computer.softmax_latency:   NNULT softmax延迟=0.00ms
INFO--Latency_Computer.layernorm_latency:   NNULT layernorm延迟=0.00ms
INFO--Latency_Computer.map_weight_to_cim:   matrix_B.matrix_width=32, matrix_B.matrix_height=2048, cim_config.macro_col_num=16, cim_config.macro_row_num=32
INFO--Latency_Computer.map_weight_to_cim:   page_x=2, page_y=64, 利用率=100.00%
INFO--Latency_Computer.compute_cycles:   page_turn=1, 准确的计算周期数=8
INFO--Latency_Computer.compute_latency:   CIM计算延迟=0.00ms
INFO--Latency_Computer.map_weight_to_cim:   matrix_B.matrix_width=32, matrix_B.matrix_height=2048, cim_config.macro_col_num=16, cim_config.macro_row_num=32
INFO--Latency_Computer.map_weight_to_cim:   page_x=2, page_y=64, 利用率=100.00%
INFO--Latency_Computer.compute_cycles:   page_turn=1, 准确的计算周期数=384
INFO--Latency_Computer.compute_latency:   CIM计算延迟=0.00ms
INFO--Latency_Computer.map_weight_to_cim:   matrix_B.matrix_width=32, matrix_B.matrix_height=2048, cim_config.macro_col_num=16, cim_config.macro_row_num=32
INFO--Latency_Computer.map_weight_to_cim:   page_x=2, page_y=64, 利用率=100.00%
INFO--Latency_Computer.compute_cycles:   page_turn=1, 准确的计算周期数=384
INFO--Latency_Computer.compute_latency:   CIM计算延迟=0.00ms
INFO--Latency_Computer.map_weight_to_cim:   matrix_B.matrix_width=1, matrix_B.matrix_height=32, cim_config.macro_col_num=16, cim_config.macro_row_num=32
INFO--Latency_Computer.map_weight_to_cim:   page_x=1, page_y=1, 利用率=6.25%
INFO--Latency_Computer.compute_cycles:   page_turn=1, 准确的计算周期数=384
INFO--Latency_Computer.compute_latency:   CIM计算延迟=0.00ms
INFO--Latency_Computer.map_weight_to_cim:   matrix_B.matrix_width=32, matrix_B.matrix_height=48, cim_config.macro_col_num=16, cim_config.macro_row_num=32
INFO--Latency_Computer.map_weight_to_cim:   page_x=2, page_y=2, 利用率=75.00%
INFO--Latency_Computer.compute_cycles:   page_turn=1, 准确的计算周期数=8
INFO--Latency_Computer.compute_latency:   CIM计算延迟=0.00ms
INFO--Latency_Computer.map_weight_to_cim:   matrix_B.matrix_width=2048, matrix_B.matrix_height=32, cim_config.macro_col_num=16, cim_config.macro_row_num=32
INFO--Latency_Computer.map_weight_to_cim:   page_x=128, page_y=1, 利用率=100.00%
INFO--Latency_Computer.compute_cycles:   page_turn=1, 准确的计算周期数=8
INFO--Latency_Computer.compute_latency:   CIM计算延迟=0.00ms
INFO--Latency_Computer.transfer_latency:   DRAM传输延迟=0.00ms
INFO--Latency_Computer.transfer_latency:   DRAM传输延迟=0.00ms
INFO--Latency_Computer.transfer_latency:   DRAM传输延迟=0.00ms
INFO--Latency_Computer.transfer_latency:   DRAM传输延迟=0.00ms
INFO--Latency_Computer.transfer_latency:   DRAM传输延迟=0.00ms
INFO--Latency_Computer.transfer_latency:   DRAM传输延迟=0.00ms
INFO--Latency_Computer.transfer_latency:   NoC传输延迟=0.00ms
INFO--Latency_Computer.transfer_latency:   NoC传输延迟=0.00ms
INFO--run_CrossAttn_baseline.run_CrossAttn_baseline:   Attn基线模型计算延迟: 0.00294
INFO--run_CrossAttn_baseline.run_CrossAttn_baseline:   Attn基线模型DRAM延迟: 0.0018328794519322216
INFO--run_CrossAttn_baseline.run_CrossAttn_baseline:   Attn基线模型NoC延迟: 8.015625e-05
INFO--run_CrossAttn_baseline.run_CrossAttn_baseline:   Attn基线模型非线性延迟: 3.203125e-06
INFO--run_CrossAttn_baseline.run_CrossAttn_baseline:   Attn基线模型总延迟: 0.004856238826932222
INFO--Attn_Layer_Baseline.q_gen_per_core:   start q_gen_per_core
INFO--Attn_Layer_Baseline.k_gen_per_core:   start k_gen_per_core
INFO--Attn_Layer_Baseline.v_gen_per_core:   start v_gen_per_core
INFO--Attn_Layer_Baseline.psum_s_gen_per_core:   start psum_s_gen_per_core
INFO--Attn_Layer_Baseline.s_allreduce_on_noc_per_core:   start s_allreduce_on_noc_per_core
INFO--Attn_Layer_Baseline.sv_gen_per_core:   start sv_gen_per_core
INFO--Attn_Layer_Baseline.psum_o_gen_per_core:   start psum_o_gen_per_core
INFO--Attn_Layer_Baseline.o_allreduce_per_core:   start o_allreduce_per_core
INFO--Latency_Computer.softmax_latency:   softmax in_matrix shape=1*1
INFO--Latency_Computer.softmax_latency:   per_row_turns=1, row_num=1
INFO--Latency_Computer.softmax_latency:   NNULT softmax延迟=0.00ms
INFO--Latency_Computer.layernorm_latency:   NNULT layernorm延迟=0.00ms
INFO--Latency_Computer.map_weight_to_cim:   matrix_B.matrix_width=32, matrix_B.matrix_height=2048, cim_config.macro_col_num=16, cim_config.macro_row_num=32
INFO--Latency_Computer.map_weight_to_cim:   page_x=2, page_y=64, 利用率=100.00%
INFO--Latency_Computer.compute_cycles:   page_turn=1, 准确的计算周期数=8
INFO--Latency_Computer.compute_latency:   CIM计算延迟=0.00ms
INFO--Latency_Computer.map_weight_to_cim:   matrix_B.matrix_width=32, matrix_B.matrix_height=2048, cim_config.macro_col_num=16, cim_config.macro_row_num=32
INFO--Latency_Computer.map_weight_to_cim:   page_x=2, page_y=64, 利用率=100.00%
INFO--Latency_Computer.compute_cycles:   page_turn=1, 准确的计算周期数=8
INFO--Latency_Computer.compute_latency:   CIM计算延迟=0.00ms
INFO--Latency_Computer.map_weight_to_cim:   matrix_B.matrix_width=32, matrix_B.matrix_height=2048, cim_config.macro_col_num=16, cim_config.macro_row_num=32
INFO--Latency_Computer.map_weight_to_cim:   page_x=2, page_y=64, 利用率=100.00%
INFO--Latency_Computer.compute_cycles:   page_turn=1, 准确的计算周期数=8
INFO--Latency_Computer.compute_latency:   CIM计算延迟=0.00ms
INFO--Latency_Computer.map_weight_to_cim:   matrix_B.matrix_width=1, matrix_B.matrix_height=32, cim_config.macro_col_num=16, cim_config.macro_row_num=32
INFO--Latency_Computer.map_weight_to_cim:   page_x=1, page_y=1, 利用率=6.25%
INFO--Latency_Computer.compute_cycles:   page_turn=1, 准确的计算周期数=8
INFO--Latency_Computer.compute_latency:   CIM计算延迟=0.00ms
INFO--Latency_Computer.map_weight_to_cim:   matrix_B.matrix_width=32, matrix_B.matrix_height=1, cim_config.macro_col_num=16, cim_config.macro_row_num=32
INFO--Latency_Computer.map_weight_to_cim:   page_x=2, page_y=1, 利用率=3.12%
INFO--Latency_Computer.compute_cycles:   page_turn=1, 准确的计算周期数=8
INFO--Latency_Computer.compute_latency:   CIM计算延迟=0.00ms
INFO--Latency_Computer.map_weight_to_cim:   matrix_B.matrix_width=2048, matrix_B.matrix_height=32, cim_config.macro_col_num=16, cim_config.macro_row_num=32
INFO--Latency_Computer.map_weight_to_cim:   page_x=128, page_y=1, 利用率=100.00%
INFO--Latency_Computer.compute_cycles:   page_turn=1, 准确的计算周期数=8
INFO--Latency_Computer.compute_latency:   CIM计算延迟=0.00ms
INFO--Latency_Computer.transfer_latency:   DRAM传输延迟=0.00ms
INFO--Latency_Computer.transfer_latency:   DRAM传输延迟=0.00ms
INFO--Latency_Computer.transfer_latency:   DRAM传输延迟=0.00ms
INFO--Latency_Computer.transfer_latency:   DRAM传输延迟=0.00ms
INFO--Latency_Computer.transfer_latency:   DRAM传输延迟=0.00ms
INFO--Latency_Computer.transfer_latency:   DRAM传输延迟=0.00ms
INFO--Latency_Computer.transfer_latency:   NoC传输延迟=0.00ms
INFO--Latency_Computer.transfer_latency:   NoC传输延迟=0.00ms
INFO--run_Attn_baseline.run_Attn_baseline:   Attn基线模型计算延迟: 0.00012
INFO--run_Attn_baseline.run_Attn_baseline:   Attn基线模型DRAM延迟: 0.001057010379902108
INFO--run_Attn_baseline.run_Attn_baseline:   Attn基线模型NoC延迟: 7.8779296875e-05
INFO--run_Attn_baseline.run_Attn_baseline:   Attn基线模型非线性延迟: 3.203125e-06
INFO--run_Attn_baseline.run_Attn_baseline:   Attn基线模型总延迟: 0.001258992801777108
INFO--Latency_Computer.layernorm_latency:   NNULT layernorm延迟=0.00ms
INFO--Latency_Computer.gelu_latency:   NNULT gelu延迟=0.00ms
INFO--Latency_Computer.map_weight_to_cim:   matrix_B.matrix_width=128, matrix_B.matrix_height=2048, cim_config.macro_col_num=16, cim_config.macro_row_num=32
INFO--Latency_Computer.map_weight_to_cim:   page_x=8, page_y=64, 利用率=100.00%
INFO--Latency_Computer.compute_cycles:   page_turn=4, 准确的计算周期数=32
INFO--Latency_Computer.compute_latency:   CIM计算延迟=0.00ms
INFO--Latency_Computer.map_weight_to_cim:   matrix_B.matrix_width=2048, matrix_B.matrix_height=128, cim_config.macro_col_num=16, cim_config.macro_row_num=32
INFO--Latency_Computer.map_weight_to_cim:   page_x=128, page_y=4, 利用率=100.00%
INFO--Latency_Computer.compute_cycles:   page_turn=4, 准确的计算周期数=32
INFO--Latency_Computer.compute_latency:   CIM计算延迟=0.00ms
INFO--Latency_Computer.transfer_latency:   DRAM传输延迟=0.00ms
INFO--Latency_Computer.transfer_latency:   DRAM传输延迟=0.00ms
INFO--Latency_Computer.transfer_latency:   NoC传输延迟=0.00ms
INFO--run_FFN_baseline.run_FFN_baseline:   FFN基线模型计算延迟: 0.00016
INFO--run_FFN_baseline.run_FFN_baseline:   FFN基线模型DRAM延迟: 0.0020650050157485027
INFO--run_FFN_baseline.run_FFN_baseline:   FFN基线模型NoC延迟: 7.875e-05
INFO--run_FFN_baseline.run_FFN_baseline:   FFN基线模型GELU+LayerNorm延迟: 5.703125e-06
INFO--run_FFN_baseline.run_FFN_baseline:   FFN基线模型总延迟: 0.0023094581407485026
INFO--CrossAttn_Layer_Baseline.q_gen_per_core:   start q_gen_per_core
INFO--CrossAttn_Layer_Baseline.k_gen_per_core:   start k_gen_per_core
INFO--CrossAttn_Layer_Baseline.v_gen_per_core:   start v_gen_per_core
INFO--CrossAttn_Layer_Baseline.psum_s_gen_per_core:   start psum_s_gen_per_core
INFO--CrossAttn_Layer_Baseline.s_allreduce_on_noc_per_core:   start s_allreduce_on_noc_per_core
INFO--CrossAttn_Layer_Baseline.sv_gen_per_core:   start sv_gen_per_core
INFO--CrossAttn_Layer_Baseline.psum_o_gen_per_core:   start psum_o_gen_per_core
INFO--CrossAttn_Layer_Baseline.o_allreduce_per_core:   start o_allreduce_per_core
INFO--Latency_Computer.softmax_latency:   softmax in_matrix shape=4*48
INFO--Latency_Computer.softmax_latency:   per_row_turns=1, row_num=4
INFO--Latency_Computer.softmax_latency:   NNULT softmax延迟=0.00ms
INFO--Latency_Computer.layernorm_latency:   NNULT layernorm延迟=0.00ms
INFO--Latency_Computer.map_weight_to_cim:   matrix_B.matrix_width=32, matrix_B.matrix_height=2048, cim_config.macro_col_num=16, cim_config.macro_row_num=32
INFO--Latency_Computer.map_weight_to_cim:   page_x=2, page_y=64, 利用率=100.00%
INFO--Latency_Computer.compute_cycles:   page_turn=1, 准确的计算周期数=32
INFO--Latency_Computer.compute_latency:   CIM计算延迟=0.00ms
INFO--Latency_Computer.map_weight_to_cim:   matrix_B.matrix_width=32, matrix_B.matrix_height=2048, cim_config.macro_col_num=16, cim_config.macro_row_num=32
INFO--Latency_Computer.map_weight_to_cim:   page_x=2, page_y=64, 利用率=100.00%
INFO--Latency_Computer.compute_cycles:   page_turn=1, 准确的计算周期数=384
INFO--Latency_Computer.compute_latency:   CIM计算延迟=0.00ms
INFO--Latency_Computer.map_weight_to_cim:   matrix_B.matrix_width=32, matrix_B.matrix_height=2048, cim_config.macro_col_num=16, cim_config.macro_row_num=32
INFO--Latency_Computer.map_weight_to_cim:   page_x=2, page_y=64, 利用率=100.00%
INFO--Latency_Computer.compute_cycles:   page_turn=1, 准确的计算周期数=384
INFO--Latency_Computer.compute_latency:   CIM计算延迟=0.00ms
INFO--Latency_Computer.map_weight_to_cim:   matrix_B.matrix_width=4, matrix_B.matrix_height=32, cim_config.macro_col_num=16, cim_config.macro_row_num=32
INFO--Latency_Computer.map_weight_to_cim:   page_x=1, page_y=1, 利用率=25.00%
INFO--Latency_Computer.compute_cycles:   page_turn=1, 准确的计算周期数=384
INFO--Latency_Computer.compute_latency:   CIM计算延迟=0.00ms
INFO--Latency_Computer.map_weight_to_cim:   matrix_B.matrix_width=32, matrix_B.matrix_height=48, cim_config.macro_col_num=16, cim_config.macro_row_num=32
INFO--Latency_Computer.map_weight_to_cim:   page_x=2, page_y=2, 利用率=75.00%
INFO--Latency_Computer.compute_cycles:   page_turn=1, 准确的计算周期数=32
INFO--Latency_Computer.compute_latency:   CIM计算延迟=0.00ms
INFO--Latency_Computer.map_weight_to_cim:   matrix_B.matrix_width=2048, matrix_B.matrix_height=32, cim_config.macro_col_num=16, cim_config.macro_row_num=32
INFO--Latency_Computer.map_weight_to_cim:   page_x=128, page_y=1, 利用率=100.00%
INFO--Latency_Computer.compute_cycles:   page_turn=1, 准确的计算周期数=32
INFO--Latency_Computer.compute_latency:   CIM计算延迟=0.00ms
INFO--Latency_Computer.transfer_latency:   DRAM传输延迟=0.00ms
INFO--Latency_Computer.transfer_latency:   DRAM传输延迟=0.00ms
INFO--Latency_Computer.transfer_latency:   DRAM传输延迟=0.00ms
INFO--Latency_Computer.transfer_latency:   DRAM传输延迟=0.00ms
INFO--Latency_Computer.transfer_latency:   DRAM传输延迟=0.00ms
INFO--Latency_Computer.transfer_latency:   DRAM传输延迟=0.00ms
INFO--Latency_Computer.transfer_latency:   NoC传输延迟=0.00ms
INFO--Latency_Computer.transfer_latency:   NoC传输延迟=0.00ms
INFO--run_CrossAttn_baseline.run_CrossAttn_baseline:   Attn基线模型计算延迟: 0.0031200000000000004
INFO--run_CrossAttn_baseline.run_CrossAttn_baseline:   Attn基线模型DRAM延迟: 0.0018835045748969998
INFO--run_CrossAttn_baseline.run_CrossAttn_baseline:   Attn基线模型NoC延迟: 0.000320625
INFO--run_CrossAttn_baseline.run_CrossAttn_baseline:   Attn基线模型非线性延迟: 1.2578124999999999e-05
INFO--run_CrossAttn_baseline.run_CrossAttn_baseline:   Attn基线模型总延迟: 0.005336707699897
INFO--Attn_Layer_Baseline.q_gen_per_core:   start q_gen_per_core
INFO--Attn_Layer_Baseline.k_gen_per_core:   start k_gen_per_core
INFO--Attn_Layer_Baseline.v_gen_per_core:   start v_gen_per_core
INFO--Attn_Layer_Baseline.psum_s_gen_per_core:   start psum_s_gen_per_core
INFO--Attn_Layer_Baseline.s_allreduce_on_noc_per_core:   start s_allreduce_on_noc_per_core
INFO--Attn_Layer_Baseline.sv_gen_per_core:   start sv_gen_per_core
INFO--Attn_Layer_Baseline.psum_o_gen_per_core:   start psum_o_gen_per_core
INFO--Attn_Layer_Baseline.o_allreduce_per_core:   start o_allreduce_per_core
INFO--Latency_Computer.softmax_latency:   softmax in_matrix shape=4*5
INFO--Latency_Computer.softmax_latency:   per_row_turns=1, row_num=4
INFO--Latency_Computer.softmax_latency:   NNULT softmax延迟=0.00ms
INFO--Latency_Computer.layernorm_latency:   NNULT layernorm延迟=0.00ms
INFO--Latency_Computer.map_weight_to_cim:   matrix_B.matrix_width=32, matrix_B.matrix_height=2048, cim_config.macro_col_num=16, cim_config.macro_row_num=32
INFO--Latency_Computer.map_weight_to_cim:   page_x=2, page_y=64, 利用率=100.00%
INFO--Latency_Computer.compute_cycles:   page_turn=1, 准确的计算周期数=32
INFO--Latency_Computer.compute_latency:   CIM计算延迟=0.00ms
INFO--Latency_Computer.map_weight_to_cim:   matrix_B.matrix_width=32, matrix_B.matrix_height=2048, cim_config.macro_col_num=16, cim_config.macro_row_num=32
INFO--Latency_Computer.map_weight_to_cim:   page_x=2, page_y=64, 利用率=100.00%
INFO--Latency_Computer.compute_cycles:   page_turn=1, 准确的计算周期数=32
INFO--Latency_Computer.compute_latency:   CIM计算延迟=0.00ms
INFO--Latency_Computer.map_weight_to_cim:   matrix_B.matrix_width=32, matrix_B.matrix_height=2048, cim_config.macro_col_num=16, cim_config.macro_row_num=32
INFO--Latency_Computer.map_weight_to_cim:   page_x=2, page_y=64, 利用率=100.00%
INFO--Latency_Computer.compute_cycles:   page_turn=1, 准确的计算周期数=32
INFO--Latency_Computer.compute_latency:   CIM计算延迟=0.00ms
INFO--Latency_Computer.map_weight_to_cim:   matrix_B.matrix_width=4, matrix_B.matrix_height=32, cim_config.macro_col_num=16, cim_config.macro_row_num=32
INFO--Latency_Computer.map_weight_to_cim:   page_x=1, page_y=1, 利用率=25.00%
INFO--Latency_Computer.compute_cycles:   page_turn=1, 准确的计算周期数=40
INFO--Latency_Computer.compute_latency:   CIM计算延迟=0.00ms
INFO--Latency_Computer.map_weight_to_cim:   matrix_B.matrix_width=32, matrix_B.matrix_height=5, cim_config.macro_col_num=16, cim_config.macro_row_num=32
INFO--Latency_Computer.map_weight_to_cim:   page_x=2, page_y=1, 利用率=15.62%
INFO--Latency_Computer.compute_cycles:   page_turn=1, 准确的计算周期数=32
INFO--Latency_Computer.compute_latency:   CIM计算延迟=0.00ms
INFO--Latency_Computer.map_weight_to_cim:   matrix_B.matrix_width=2048, matrix_B.matrix_height=32, cim_config.macro_col_num=16, cim_config.macro_row_num=32
INFO--Latency_Computer.map_weight_to_cim:   page_x=128, page_y=1, 利用率=100.00%
INFO--Latency_Computer.compute_cycles:   page_turn=1, 准确的计算周期数=32
INFO--Latency_Computer.compute_latency:   CIM计算延迟=0.00ms
INFO--Latency_Computer.transfer_latency:   DRAM传输延迟=0.00ms
INFO--Latency_Computer.transfer_latency:   DRAM传输延迟=0.00ms
INFO--Latency_Computer.transfer_latency:   DRAM传输延迟=0.00ms
INFO--Latency_Computer.transfer_latency:   DRAM传输延迟=0.00ms
INFO--Latency_Computer.transfer_latency:   DRAM传输延迟=0.00ms
INFO--Latency_Computer.transfer_latency:   DRAM传输延迟=0.00ms
INFO--Latency_Computer.transfer_latency:   NoC传输延迟=0.00ms
INFO--Latency_Computer.transfer_latency:   NoC传输延迟=0.00ms
INFO--run_Attn_baseline.run_Attn_baseline:   Attn基线模型计算延迟: 0.0005
INFO--run_Attn_baseline.run_Attn_baseline:   Attn基线模型DRAM延迟: 0.0011564090588343423
INFO--run_Attn_baseline.run_Attn_baseline:   Attn基线模型NoC延迟: 0.0003155859375
INFO--run_Attn_baseline.run_Attn_baseline:   Attn基线模型非线性延迟: 1.2578124999999999e-05
INFO--run_Attn_baseline.run_Attn_baseline:   Attn基线模型总延迟: 0.001984573121334342
INFO--Latency_Computer.layernorm_latency:   NNULT layernorm延迟=0.00ms
INFO--Latency_Computer.gelu_latency:   NNULT gelu延迟=0.00ms
INFO--Latency_Computer.map_weight_to_cim:   matrix_B.matrix_width=128, matrix_B.matrix_height=2048, cim_config.macro_col_num=16, cim_config.macro_row_num=32
INFO--Latency_Computer.map_weight_to_cim:   page_x=8, page_y=64, 利用率=100.00%
INFO--Latency_Computer.compute_cycles:   page_turn=4, 准确的计算周期数=128
INFO--Latency_Computer.compute_latency:   CIM计算延迟=0.00ms
INFO--Latency_Computer.map_weight_to_cim:   matrix_B.matrix_width=2048, matrix_B.matrix_height=128, cim_config.macro_col_num=16, cim_config.macro_row_num=32
INFO--Latency_Computer.map_weight_to_cim:   page_x=128, page_y=4, 利用率=100.00%
INFO--Latency_Computer.compute_cycles:   page_turn=4, 准确的计算周期数=128
INFO--Latency_Computer.compute_latency:   CIM计算延迟=0.00ms
INFO--Latency_Computer.transfer_latency:   DRAM传输延迟=0.00ms
INFO--Latency_Computer.transfer_latency:   DRAM传输延迟=0.00ms
INFO--Latency_Computer.transfer_latency:   NoC传输延迟=0.00ms
INFO--run_FFN_baseline.run_FFN_baseline:   FFN基线模型计算延迟: 0.00064
INFO--run_FFN_baseline.run_FFN_baseline:   FFN基线模型DRAM延迟: 0.002116005139624132
INFO--run_FFN_baseline.run_FFN_baseline:   FFN基线模型NoC延迟: 0.000315
INFO--run_FFN_baseline.run_FFN_baseline:   FFN基线模型GELU+LayerNorm延迟: 1.2578124999999999e-05
INFO--run_FFN_baseline.run_FFN_baseline:   FFN基线模型总延迟: 0.003083583264624132
INFO--CrossAttn_Layer_Baseline.q_gen_per_core:   start q_gen_per_core
INFO--CrossAttn_Layer_Baseline.k_gen_per_core:   start k_gen_per_core
INFO--CrossAttn_Layer_Baseline.v_gen_per_core:   start v_gen_per_core
INFO--CrossAttn_Layer_Baseline.psum_s_gen_per_core:   start psum_s_gen_per_core
INFO--CrossAttn_Layer_Baseline.s_allreduce_on_noc_per_core:   start s_allreduce_on_noc_per_core
INFO--CrossAttn_Layer_Baseline.sv_gen_per_core:   start sv_gen_per_core
INFO--CrossAttn_Layer_Baseline.psum_o_gen_per_core:   start psum_o_gen_per_core
INFO--CrossAttn_Layer_Baseline.o_allreduce_per_core:   start o_allreduce_per_core
INFO--Latency_Computer.softmax_latency:   softmax in_matrix shape=16*48
INFO--Latency_Computer.softmax_latency:   per_row_turns=1, row_num=16
INFO--Latency_Computer.softmax_latency:   NNULT softmax延迟=0.00ms
INFO--Latency_Computer.layernorm_latency:   NNULT layernorm延迟=0.00ms
INFO--Latency_Computer.map_weight_to_cim:   matrix_B.matrix_width=32, matrix_B.matrix_height=2048, cim_config.macro_col_num=16, cim_config.macro_row_num=32
INFO--Latency_Computer.map_weight_to_cim:   page_x=2, page_y=64, 利用率=100.00%
INFO--Latency_Computer.compute_cycles:   page_turn=1, 准确的计算周期数=128
INFO--Latency_Computer.compute_latency:   CIM计算延迟=0.00ms
INFO--Latency_Computer.map_weight_to_cim:   matrix_B.matrix_width=32, matrix_B.matrix_height=2048, cim_config.macro_col_num=16, cim_config.macro_row_num=32
INFO--Latency_Computer.map_weight_to_cim:   page_x=2, page_y=64, 利用率=100.00%
INFO--Latency_Computer.compute_cycles:   page_turn=1, 准确的计算周期数=384
INFO--Latency_Computer.compute_latency:   CIM计算延迟=0.00ms
INFO--Latency_Computer.map_weight_to_cim:   matrix_B.matrix_width=32, matrix_B.matrix_height=2048, cim_config.macro_col_num=16, cim_config.macro_row_num=32
INFO--Latency_Computer.map_weight_to_cim:   page_x=2, page_y=64, 利用率=100.00%
INFO--Latency_Computer.compute_cycles:   page_turn=1, 准确的计算周期数=384
INFO--Latency_Computer.compute_latency:   CIM计算延迟=0.00ms
INFO--Latency_Computer.map_weight_to_cim:   matrix_B.matrix_width=16, matrix_B.matrix_height=32, cim_config.macro_col_num=16, cim_config.macro_row_num=32
INFO--Latency_Computer.map_weight_to_cim:   page_x=1, page_y=1, 利用率=100.00%
INFO--Latency_Computer.compute_cycles:   page_turn=1, 准确的计算周期数=384
INFO--Latency_Computer.compute_latency:   CIM计算延迟=0.00ms
INFO--Latency_Computer.map_weight_to_cim:   matrix_B.matrix_width=32, matrix_B.matrix_height=48, cim_config.macro_col_num=16, cim_config.macro_row_num=32
INFO--Latency_Computer.map_weight_to_cim:   page_x=2, page_y=2, 利用率=75.00%
INFO--Latency_Computer.compute_cycles:   page_turn=1, 准确的计算周期数=128
INFO--Latency_Computer.compute_latency:   CIM计算延迟=0.00ms
INFO--Latency_Computer.map_weight_to_cim:   matrix_B.matrix_width=2048, matrix_B.matrix_height=32, cim_config.macro_col_num=16, cim_config.macro_row_num=32
INFO--Latency_Computer.map_weight_to_cim:   page_x=128, page_y=1, 利用率=100.00%
INFO--Latency_Computer.compute_cycles:   page_turn=1, 准确的计算周期数=128
INFO--Latency_Computer.compute_latency:   CIM计算延迟=0.00ms
INFO--Latency_Computer.transfer_latency:   DRAM传输延迟=0.00ms
INFO--Latency_Computer.transfer_latency:   DRAM传输延迟=0.00ms
INFO--Latency_Computer.transfer_latency:   DRAM传输延迟=0.00ms
INFO--Latency_Computer.transfer_latency:   DRAM传输延迟=0.00ms
INFO--Latency_Computer.transfer_latency:   DRAM传输延迟=0.00ms
INFO--Latency_Computer.transfer_latency:   DRAM传输延迟=0.00ms
INFO--Latency_Computer.transfer_latency:   NoC传输延迟=0.00ms
INFO--Latency_Computer.transfer_latency:   NoC传输延迟=0.00ms
INFO--run_CrossAttn_baseline.run_CrossAttn_baseline:   Attn基线模型计算延迟: 0.00384
INFO--run_CrossAttn_baseline.run_CrossAttn_baseline:   Attn基线模型DRAM延迟: 0.0020860050667561147
INFO--run_CrossAttn_baseline.run_CrossAttn_baseline:   Attn基线模型NoC延迟: 0.0012825
INFO--run_CrossAttn_baseline.run_CrossAttn_baseline:   Attn基线模型非线性延迟: 5.007812499999999e-05
INFO--run_CrossAttn_baseline.run_CrossAttn_baseline:   Attn基线模型总延迟: 0.007258583191756114
INFO--Attn_Layer_Baseline.q_gen_per_core:   start q_gen_per_core
INFO--Attn_Layer_Baseline.k_gen_per_core:   start k_gen_per_core
INFO--Attn_Layer_Baseline.v_gen_per_core:   start v_gen_per_core
INFO--Attn_Layer_Baseline.psum_s_gen_per_core:   start psum_s_gen_per_core
INFO--Attn_Layer_Baseline.s_allreduce_on_noc_per_core:   start s_allreduce_on_noc_per_core
INFO--Attn_Layer_Baseline.sv_gen_per_core:   start sv_gen_per_core
INFO--Attn_Layer_Baseline.psum_o_gen_per_core:   start psum_o_gen_per_core
INFO--Attn_Layer_Baseline.o_allreduce_per_core:   start o_allreduce_per_core
INFO--Latency_Computer.softmax_latency:   softmax in_matrix shape=16*21
INFO--Latency_Computer.softmax_latency:   per_row_turns=1, row_num=16
INFO--Latency_Computer.softmax_latency:   NNULT softmax延迟=0.00ms
INFO--Latency_Computer.layernorm_latency:   NNULT layernorm延迟=0.00ms
INFO--Latency_Computer.map_weight_to_cim:   matrix_B.matrix_width=32, matrix_B.matrix_height=2048, cim_config.macro_col_num=16, cim_config.macro_row_num=32
INFO--Latency_Computer.map_weight_to_cim:   page_x=2, page_y=64, 利用率=100.00%
INFO--Latency_Computer.compute_cycles:   page_turn=1, 准确的计算周期数=128
INFO--Latency_Computer.compute_latency:   CIM计算延迟=0.00ms
INFO--Latency_Computer.map_weight_to_cim:   matrix_B.matrix_width=32, matrix_B.matrix_height=2048, cim_config.macro_col_num=16, cim_config.macro_row_num=32
INFO--Latency_Computer.map_weight_to_cim:   page_x=2, page_y=64, 利用率=100.00%
INFO--Latency_Computer.compute_cycles:   page_turn=1, 准确的计算周期数=128
INFO--Latency_Computer.compute_latency:   CIM计算延迟=0.00ms
INFO--Latency_Computer.map_weight_to_cim:   matrix_B.matrix_width=32, matrix_B.matrix_height=2048, cim_config.macro_col_num=16, cim_config.macro_row_num=32
INFO--Latency_Computer.map_weight_to_cim:   page_x=2, page_y=64, 利用率=100.00%
INFO--Latency_Computer.compute_cycles:   page_turn=1, 准确的计算周期数=128
INFO--Latency_Computer.compute_latency:   CIM计算延迟=0.00ms
INFO--Latency_Computer.map_weight_to_cim:   matrix_B.matrix_width=16, matrix_B.matrix_height=32, cim_config.macro_col_num=16, cim_config.macro_row_num=32
INFO--Latency_Computer.map_weight_to_cim:   page_x=1, page_y=1, 利用率=100.00%
INFO--Latency_Computer.compute_cycles:   page_turn=1, 准确的计算周期数=168
INFO--Latency_Computer.compute_latency:   CIM计算延迟=0.00ms
INFO--Latency_Computer.map_weight_to_cim:   matrix_B.matrix_width=32, matrix_B.matrix_height=21, cim_config.macro_col_num=16, cim_config.macro_row_num=32
INFO--Latency_Computer.map_weight_to_cim:   page_x=2, page_y=1, 利用率=65.62%
INFO--Latency_Computer.compute_cycles:   page_turn=1, 准确的计算周期数=128
INFO--Latency_Computer.compute_latency:   CIM计算延迟=0.00ms
INFO--Latency_Computer.map_weight_to_cim:   matrix_B.matrix_width=2048, matrix_B.matrix_height=32, cim_config.macro_col_num=16, cim_config.macro_row_num=32
INFO--Latency_Computer.map_weight_to_cim:   page_x=128, page_y=1, 利用率=100.00%
INFO--Latency_Computer.compute_cycles:   page_turn=1, 准确的计算周期数=128
INFO--Latency_Computer.compute_latency:   CIM计算延迟=0.00ms
INFO--Latency_Computer.transfer_latency:   DRAM传输延迟=0.00ms
INFO--Latency_Computer.transfer_latency:   DRAM传输延迟=0.00ms
INFO--Latency_Computer.transfer_latency:   DRAM传输延迟=0.00ms
INFO--Latency_Computer.transfer_latency:   DRAM传输延迟=0.00ms
INFO--Latency_Computer.transfer_latency:   DRAM传输延迟=0.00ms
INFO--Latency_Computer.transfer_latency:   DRAM传输延迟=0.00ms
INFO--Latency_Computer.transfer_latency:   NoC传输延迟=0.00ms
INFO--Latency_Computer.transfer_latency:   NoC传输延迟=0.00ms
INFO--run_Attn_baseline.run_Attn_baseline:   Attn基线模型计算延迟: 0.00202
INFO--run_Attn_baseline.run_Attn_baseline:   Attn基线模型DRAM延迟: 0.001555878779117531
INFO--run_Attn_baseline.run_Attn_baseline:   Attn基线模型NoC延迟: 0.0012698437500000001
INFO--run_Attn_baseline.run_Attn_baseline:   Attn基线模型非线性延迟: 5.007812499999999e-05
INFO--run_Attn_baseline.run_Attn_baseline:   Attn基线模型总延迟: 0.0048958006541175315
INFO--Latency_Computer.layernorm_latency:   NNULT layernorm延迟=0.00ms
INFO--Latency_Computer.gelu_latency:   NNULT gelu延迟=0.00ms
INFO--Latency_Computer.map_weight_to_cim:   matrix_B.matrix_width=128, matrix_B.matrix_height=2048, cim_config.macro_col_num=16, cim_config.macro_row_num=32
INFO--Latency_Computer.map_weight_to_cim:   page_x=8, page_y=64, 利用率=100.00%
INFO--Latency_Computer.compute_cycles:   page_turn=4, 准确的计算周期数=512
INFO--Latency_Computer.compute_latency:   CIM计算延迟=0.00ms
INFO--Latency_Computer.map_weight_to_cim:   matrix_B.matrix_width=2048, matrix_B.matrix_height=128, cim_config.macro_col_num=16, cim_config.macro_row_num=32
INFO--Latency_Computer.map_weight_to_cim:   page_x=128, page_y=4, 利用率=100.00%
INFO--Latency_Computer.compute_cycles:   page_turn=4, 准确的计算周期数=512
INFO--Latency_Computer.compute_latency:   CIM计算延迟=0.00ms
INFO--Latency_Computer.transfer_latency:   DRAM传输延迟=0.00ms
INFO--Latency_Computer.transfer_latency:   DRAM传输延迟=0.00ms
INFO--Latency_Computer.transfer_latency:   NoC传输延迟=0.00ms
INFO--run_FFN_baseline.run_FFN_baseline:   FFN基线模型计算延迟: 0.00256
INFO--run_FFN_baseline.run_FFN_baseline:   FFN基线模型DRAM延迟: 0.0023200056351266474
INFO--run_FFN_baseline.run_FFN_baseline:   FFN基线模型NoC延迟: 0.00126
INFO--run_FFN_baseline.run_FFN_baseline:   FFN基线模型GELU+LayerNorm延迟: 5.007812499999999e-05
INFO--run_FFN_baseline.run_FFN_baseline:   FFN基线模型总延迟: 0.006190083760126647
INFO--CrossAttn_Layer_Baseline.q_gen_per_core:   start q_gen_per_core
INFO--CrossAttn_Layer_Baseline.k_gen_per_core:   start k_gen_per_core
INFO--CrossAttn_Layer_Baseline.v_gen_per_core:   start v_gen_per_core
INFO--CrossAttn_Layer_Baseline.psum_s_gen_per_core:   start psum_s_gen_per_core
INFO--CrossAttn_Layer_Baseline.s_allreduce_on_noc_per_core:   start s_allreduce_on_noc_per_core
INFO--CrossAttn_Layer_Baseline.sv_gen_per_core:   start sv_gen_per_core
INFO--CrossAttn_Layer_Baseline.psum_o_gen_per_core:   start psum_o_gen_per_core
INFO--CrossAttn_Layer_Baseline.o_allreduce_per_core:   start o_allreduce_per_core
INFO--Latency_Computer.softmax_latency:   softmax in_matrix shape=36*48
INFO--Latency_Computer.softmax_latency:   per_row_turns=1, row_num=36
INFO--Latency_Computer.softmax_latency:   NNULT softmax延迟=0.00ms
INFO--Latency_Computer.layernorm_latency:   NNULT layernorm延迟=0.00ms
INFO--Latency_Computer.map_weight_to_cim:   matrix_B.matrix_width=32, matrix_B.matrix_height=2048, cim_config.macro_col_num=16, cim_config.macro_row_num=32
INFO--Latency_Computer.map_weight_to_cim:   page_x=2, page_y=64, 利用率=100.00%
INFO--Latency_Computer.compute_cycles:   page_turn=1, 准确的计算周期数=288
INFO--Latency_Computer.compute_latency:   CIM计算延迟=0.00ms
INFO--Latency_Computer.map_weight_to_cim:   matrix_B.matrix_width=32, matrix_B.matrix_height=2048, cim_config.macro_col_num=16, cim_config.macro_row_num=32
INFO--Latency_Computer.map_weight_to_cim:   page_x=2, page_y=64, 利用率=100.00%
INFO--Latency_Computer.compute_cycles:   page_turn=1, 准确的计算周期数=384
INFO--Latency_Computer.compute_latency:   CIM计算延迟=0.00ms
INFO--Latency_Computer.map_weight_to_cim:   matrix_B.matrix_width=32, matrix_B.matrix_height=2048, cim_config.macro_col_num=16, cim_config.macro_row_num=32
INFO--Latency_Computer.map_weight_to_cim:   page_x=2, page_y=64, 利用率=100.00%
INFO--Latency_Computer.compute_cycles:   page_turn=1, 准确的计算周期数=384
INFO--Latency_Computer.compute_latency:   CIM计算延迟=0.00ms
INFO--Latency_Computer.map_weight_to_cim:   matrix_B.matrix_width=36, matrix_B.matrix_height=32, cim_config.macro_col_num=16, cim_config.macro_row_num=32
INFO--Latency_Computer.map_weight_to_cim:   page_x=3, page_y=1, 利用率=75.00%
INFO--Latency_Computer.compute_cycles:   page_turn=1, 准确的计算周期数=384
INFO--Latency_Computer.compute_latency:   CIM计算延迟=0.00ms
INFO--Latency_Computer.map_weight_to_cim:   matrix_B.matrix_width=32, matrix_B.matrix_height=48, cim_config.macro_col_num=16, cim_config.macro_row_num=32
INFO--Latency_Computer.map_weight_to_cim:   page_x=2, page_y=2, 利用率=75.00%
INFO--Latency_Computer.compute_cycles:   page_turn=1, 准确的计算周期数=288
INFO--Latency_Computer.compute_latency:   CIM计算延迟=0.00ms
INFO--Latency_Computer.map_weight_to_cim:   matrix_B.matrix_width=2048, matrix_B.matrix_height=32, cim_config.macro_col_num=16, cim_config.macro_row_num=32
INFO--Latency_Computer.map_weight_to_cim:   page_x=128, page_y=1, 利用率=100.00%
INFO--Latency_Computer.compute_cycles:   page_turn=1, 准确的计算周期数=288
INFO--Latency_Computer.compute_latency:   CIM计算延迟=0.00ms
INFO--Latency_Computer.transfer_latency:   DRAM传输延迟=0.00ms
INFO--Latency_Computer.transfer_latency:   DRAM传输延迟=0.00ms
INFO--Latency_Computer.transfer_latency:   DRAM传输延迟=0.00ms
INFO--Latency_Computer.transfer_latency:   DRAM传输延迟=0.00ms
INFO--Latency_Computer.transfer_latency:   DRAM传输延迟=0.00ms
INFO--Latency_Computer.transfer_latency:   DRAM传输延迟=0.00ms
INFO--Latency_Computer.transfer_latency:   NoC传输延迟=0.00ms
INFO--Latency_Computer.transfer_latency:   NoC传输延迟=0.00ms
INFO--run_CrossAttn_baseline.run_CrossAttn_baseline:   Attn基线模型计算延迟: 0.00504
INFO--run_CrossAttn_baseline.run_CrossAttn_baseline:   Attn基线模型DRAM延迟: 0.0024235058865213054
INFO--run_CrossAttn_baseline.run_CrossAttn_baseline:   Attn基线模型NoC延迟: 0.0028856249999999997
INFO--run_CrossAttn_baseline.run_CrossAttn_baseline:   Attn基线模型非线性延迟: 0.000112578125
INFO--run_CrossAttn_baseline.run_CrossAttn_baseline:   Attn基线模型总延迟: 0.010461709011521306
INFO--Attn_Layer_Baseline.q_gen_per_core:   start q_gen_per_core
INFO--Attn_Layer_Baseline.k_gen_per_core:   start k_gen_per_core
INFO--Attn_Layer_Baseline.v_gen_per_core:   start v_gen_per_core
INFO--Attn_Layer_Baseline.psum_s_gen_per_core:   start psum_s_gen_per_core
INFO--Attn_Layer_Baseline.s_allreduce_on_noc_per_core:   start s_allreduce_on_noc_per_core
INFO--Attn_Layer_Baseline.sv_gen_per_core:   start sv_gen_per_core
INFO--Attn_Layer_Baseline.psum_o_gen_per_core:   start psum_o_gen_per_core
INFO--Attn_Layer_Baseline.o_allreduce_per_core:   start o_allreduce_per_core
INFO--Latency_Computer.softmax_latency:   softmax in_matrix shape=36*57
INFO--Latency_Computer.softmax_latency:   per_row_turns=1, row_num=36
INFO--Latency_Computer.softmax_latency:   NNULT softmax延迟=0.00ms
INFO--Latency_Computer.layernorm_latency:   NNULT layernorm延迟=0.00ms
INFO--Latency_Computer.map_weight_to_cim:   matrix_B.matrix_width=32, matrix_B.matrix_height=2048, cim_config.macro_col_num=16, cim_config.macro_row_num=32
INFO--Latency_Computer.map_weight_to_cim:   page_x=2, page_y=64, 利用率=100.00%
INFO--Latency_Computer.compute_cycles:   page_turn=1, 准确的计算周期数=288
INFO--Latency_Computer.compute_latency:   CIM计算延迟=0.00ms
INFO--Latency_Computer.map_weight_to_cim:   matrix_B.matrix_width=32, matrix_B.matrix_height=2048, cim_config.macro_col_num=16, cim_config.macro_row_num=32
INFO--Latency_Computer.map_weight_to_cim:   page_x=2, page_y=64, 利用率=100.00%
INFO--Latency_Computer.compute_cycles:   page_turn=1, 准确的计算周期数=288
INFO--Latency_Computer.compute_latency:   CIM计算延迟=0.00ms
INFO--Latency_Computer.map_weight_to_cim:   matrix_B.matrix_width=32, matrix_B.matrix_height=2048, cim_config.macro_col_num=16, cim_config.macro_row_num=32
INFO--Latency_Computer.map_weight_to_cim:   page_x=2, page_y=64, 利用率=100.00%
INFO--Latency_Computer.compute_cycles:   page_turn=1, 准确的计算周期数=288
INFO--Latency_Computer.compute_latency:   CIM计算延迟=0.00ms
INFO--Latency_Computer.map_weight_to_cim:   matrix_B.matrix_width=36, matrix_B.matrix_height=32, cim_config.macro_col_num=16, cim_config.macro_row_num=32
INFO--Latency_Computer.map_weight_to_cim:   page_x=3, page_y=1, 利用率=75.00%
INFO--Latency_Computer.compute_cycles:   page_turn=1, 准确的计算周期数=456
INFO--Latency_Computer.compute_latency:   CIM计算延迟=0.00ms
INFO--Latency_Computer.map_weight_to_cim:   matrix_B.matrix_width=32, matrix_B.matrix_height=57, cim_config.macro_col_num=16, cim_config.macro_row_num=32
INFO--Latency_Computer.map_weight_to_cim:   page_x=2, page_y=2, 利用率=89.06%
INFO--Latency_Computer.compute_cycles:   page_turn=1, 准确的计算周期数=288
INFO--Latency_Computer.compute_latency:   CIM计算延迟=0.00ms
INFO--Latency_Computer.map_weight_to_cim:   matrix_B.matrix_width=2048, matrix_B.matrix_height=32, cim_config.macro_col_num=16, cim_config.macro_row_num=32
INFO--Latency_Computer.map_weight_to_cim:   page_x=128, page_y=1, 利用率=100.00%
INFO--Latency_Computer.compute_cycles:   page_turn=1, 准确的计算周期数=288
INFO--Latency_Computer.compute_latency:   CIM计算延迟=0.00ms
INFO--Latency_Computer.transfer_latency:   DRAM传输延迟=0.00ms
INFO--Latency_Computer.transfer_latency:   DRAM传输延迟=0.00ms
INFO--Latency_Computer.transfer_latency:   DRAM传输延迟=0.00ms
INFO--Latency_Computer.transfer_latency:   DRAM传输延迟=0.00ms
INFO--Latency_Computer.transfer_latency:   DRAM传输延迟=0.00ms
INFO--Latency_Computer.transfer_latency:   DRAM传输延迟=0.00ms
INFO--Latency_Computer.transfer_latency:   NoC传输延迟=0.00ms
INFO--Latency_Computer.transfer_latency:   NoC传输延迟=0.00ms
INFO--run_Attn_baseline.run_Attn_baseline:   Attn基线模型计算延迟: 0.00474
INFO--run_Attn_baseline.run_Attn_baseline:   Attn基线模型DRAM延迟: 0.0022332866744925353
INFO--run_Attn_baseline.run_Attn_baseline:   Attn基线模型NoC延迟: 0.0028951171875
INFO--run_Attn_baseline.run_Attn_baseline:   Attn基线模型非线性延迟: 0.000112578125
INFO--run_Attn_baseline.run_Attn_baseline:   Attn基线模型总延迟: 0.009980981986992534
INFO--Latency_Computer.layernorm_latency:   NNULT layernorm延迟=0.00ms
INFO--Latency_Computer.gelu_latency:   NNULT gelu延迟=0.00ms
INFO--Latency_Computer.map_weight_to_cim:   matrix_B.matrix_width=128, matrix_B.matrix_height=2048, cim_config.macro_col_num=16, cim_config.macro_row_num=32
INFO--Latency_Computer.map_weight_to_cim:   page_x=8, page_y=64, 利用率=100.00%
INFO--Latency_Computer.compute_cycles:   page_turn=4, 准确的计算周期数=1152
INFO--Latency_Computer.compute_latency:   CIM计算延迟=0.00ms
INFO--Latency_Computer.map_weight_to_cim:   matrix_B.matrix_width=2048, matrix_B.matrix_height=128, cim_config.macro_col_num=16, cim_config.macro_row_num=32
INFO--Latency_Computer.map_weight_to_cim:   page_x=128, page_y=4, 利用率=100.00%
INFO--Latency_Computer.compute_cycles:   page_turn=4, 准确的计算周期数=1152
INFO--Latency_Computer.compute_latency:   CIM计算延迟=0.00ms
INFO--Latency_Computer.transfer_latency:   DRAM传输延迟=0.00ms
INFO--Latency_Computer.transfer_latency:   DRAM传输延迟=0.00ms
INFO--Latency_Computer.transfer_latency:   NoC传输延迟=0.00ms
INFO--run_FFN_baseline.run_FFN_baseline:   FFN基线模型计算延迟: 0.00576
INFO--run_FFN_baseline.run_FFN_baseline:   FFN基线模型DRAM延迟: 0.002660006460964173
INFO--run_FFN_baseline.run_FFN_baseline:   FFN基线模型NoC延迟: 0.002835
INFO--run_FFN_baseline.run_FFN_baseline:   FFN基线模型GELU+LayerNorm延迟: 0.000112578125
INFO--run_FFN_baseline.run_FFN_baseline:   FFN基线模型总延迟: 0.011367584585964175
INFO--CrossAttn_Layer_Baseline.q_gen_per_core:   start q_gen_per_core
INFO--CrossAttn_Layer_Baseline.k_gen_per_core:   start k_gen_per_core
INFO--CrossAttn_Layer_Baseline.v_gen_per_core:   start v_gen_per_core
INFO--CrossAttn_Layer_Baseline.psum_s_gen_per_core:   start psum_s_gen_per_core
INFO--CrossAttn_Layer_Baseline.s_allreduce_on_noc_per_core:   start s_allreduce_on_noc_per_core
INFO--CrossAttn_Layer_Baseline.sv_gen_per_core:   start sv_gen_per_core
INFO--CrossAttn_Layer_Baseline.psum_o_gen_per_core:   start psum_o_gen_per_core
INFO--CrossAttn_Layer_Baseline.o_allreduce_per_core:   start o_allreduce_per_core
INFO--Latency_Computer.softmax_latency:   softmax in_matrix shape=64*48
INFO--Latency_Computer.softmax_latency:   per_row_turns=1, row_num=64
INFO--Latency_Computer.softmax_latency:   NNULT softmax延迟=0.00ms
INFO--Latency_Computer.layernorm_latency:   NNULT layernorm延迟=0.00ms
INFO--Latency_Computer.map_weight_to_cim:   matrix_B.matrix_width=32, matrix_B.matrix_height=2048, cim_config.macro_col_num=16, cim_config.macro_row_num=32
INFO--Latency_Computer.map_weight_to_cim:   page_x=2, page_y=64, 利用率=100.00%
INFO--Latency_Computer.compute_cycles:   page_turn=1, 准确的计算周期数=512
INFO--Latency_Computer.compute_latency:   CIM计算延迟=0.00ms
INFO--Latency_Computer.map_weight_to_cim:   matrix_B.matrix_width=32, matrix_B.matrix_height=2048, cim_config.macro_col_num=16, cim_config.macro_row_num=32
INFO--Latency_Computer.map_weight_to_cim:   page_x=2, page_y=64, 利用率=100.00%
INFO--Latency_Computer.compute_cycles:   page_turn=1, 准确的计算周期数=384
INFO--Latency_Computer.compute_latency:   CIM计算延迟=0.00ms
INFO--Latency_Computer.map_weight_to_cim:   matrix_B.matrix_width=32, matrix_B.matrix_height=2048, cim_config.macro_col_num=16, cim_config.macro_row_num=32
INFO--Latency_Computer.map_weight_to_cim:   page_x=2, page_y=64, 利用率=100.00%
INFO--Latency_Computer.compute_cycles:   page_turn=1, 准确的计算周期数=384
INFO--Latency_Computer.compute_latency:   CIM计算延迟=0.00ms
INFO--Latency_Computer.map_weight_to_cim:   matrix_B.matrix_width=64, matrix_B.matrix_height=32, cim_config.macro_col_num=16, cim_config.macro_row_num=32
INFO--Latency_Computer.map_weight_to_cim:   page_x=4, page_y=1, 利用率=100.00%
INFO--Latency_Computer.compute_cycles:   page_turn=1, 准确的计算周期数=384
INFO--Latency_Computer.compute_latency:   CIM计算延迟=0.00ms
INFO--Latency_Computer.map_weight_to_cim:   matrix_B.matrix_width=32, matrix_B.matrix_height=48, cim_config.macro_col_num=16, cim_config.macro_row_num=32
INFO--Latency_Computer.map_weight_to_cim:   page_x=2, page_y=2, 利用率=75.00%
INFO--Latency_Computer.compute_cycles:   page_turn=1, 准确的计算周期数=512
INFO--Latency_Computer.compute_latency:   CIM计算延迟=0.00ms
INFO--Latency_Computer.map_weight_to_cim:   matrix_B.matrix_width=2048, matrix_B.matrix_height=32, cim_config.macro_col_num=16, cim_config.macro_row_num=32
INFO--Latency_Computer.map_weight_to_cim:   page_x=128, page_y=1, 利用率=100.00%
INFO--Latency_Computer.compute_cycles:   page_turn=1, 准确的计算周期数=512
INFO--Latency_Computer.compute_latency:   CIM计算延迟=0.00ms
INFO--Latency_Computer.transfer_latency:   DRAM传输延迟=0.00ms
INFO--Latency_Computer.transfer_latency:   DRAM传输延迟=0.00ms
INFO--Latency_Computer.transfer_latency:   DRAM传输延迟=0.00ms
INFO--Latency_Computer.transfer_latency:   DRAM传输延迟=0.00ms
INFO--Latency_Computer.transfer_latency:   DRAM传输延迟=0.00ms
INFO--Latency_Computer.transfer_latency:   DRAM传输延迟=0.00ms
INFO--Latency_Computer.transfer_latency:   NoC传输延迟=0.00ms
INFO--Latency_Computer.transfer_latency:   NoC传输延迟=0.01ms
INFO--run_CrossAttn_baseline.run_CrossAttn_baseline:   Attn基线模型计算延迟: 0.00672
INFO--run_CrossAttn_baseline.run_CrossAttn_baseline:   Attn基线模型DRAM延迟: 0.002896007034192574
INFO--run_CrossAttn_baseline.run_CrossAttn_baseline:   Attn基线模型NoC延迟: 0.00513
INFO--run_CrossAttn_baseline.run_CrossAttn_baseline:   Attn基线模型非线性延迟: 0.00020007812499999998
INFO--run_CrossAttn_baseline.run_CrossAttn_baseline:   Attn基线模型总延迟: 0.014946085159192574
INFO--Attn_Layer_Baseline.q_gen_per_core:   start q_gen_per_core
INFO--Attn_Layer_Baseline.k_gen_per_core:   start k_gen_per_core
INFO--Attn_Layer_Baseline.v_gen_per_core:   start v_gen_per_core
INFO--Attn_Layer_Baseline.psum_s_gen_per_core:   start psum_s_gen_per_core
INFO--Attn_Layer_Baseline.s_allreduce_on_noc_per_core:   start s_allreduce_on_noc_per_core
INFO--Attn_Layer_Baseline.sv_gen_per_core:   start sv_gen_per_core
INFO--Attn_Layer_Baseline.psum_o_gen_per_core:   start psum_o_gen_per_core
INFO--Attn_Layer_Baseline.o_allreduce_per_core:   start o_allreduce_per_core
INFO--Latency_Computer.softmax_latency:   softmax in_matrix shape=64*121
INFO--Latency_Computer.softmax_latency:   per_row_turns=1, row_num=64
INFO--Latency_Computer.softmax_latency:   NNULT softmax延迟=0.00ms
INFO--Latency_Computer.layernorm_latency:   NNULT layernorm延迟=0.00ms
INFO--Latency_Computer.map_weight_to_cim:   matrix_B.matrix_width=32, matrix_B.matrix_height=2048, cim_config.macro_col_num=16, cim_config.macro_row_num=32
INFO--Latency_Computer.map_weight_to_cim:   page_x=2, page_y=64, 利用率=100.00%
INFO--Latency_Computer.compute_cycles:   page_turn=1, 准确的计算周期数=512
INFO--Latency_Computer.compute_latency:   CIM计算延迟=0.00ms
INFO--Latency_Computer.map_weight_to_cim:   matrix_B.matrix_width=32, matrix_B.matrix_height=2048, cim_config.macro_col_num=16, cim_config.macro_row_num=32
INFO--Latency_Computer.map_weight_to_cim:   page_x=2, page_y=64, 利用率=100.00%
INFO--Latency_Computer.compute_cycles:   page_turn=1, 准确的计算周期数=512
INFO--Latency_Computer.compute_latency:   CIM计算延迟=0.00ms
INFO--Latency_Computer.map_weight_to_cim:   matrix_B.matrix_width=32, matrix_B.matrix_height=2048, cim_config.macro_col_num=16, cim_config.macro_row_num=32
INFO--Latency_Computer.map_weight_to_cim:   page_x=2, page_y=64, 利用率=100.00%
INFO--Latency_Computer.compute_cycles:   page_turn=1, 准确的计算周期数=512
INFO--Latency_Computer.compute_latency:   CIM计算延迟=0.00ms
INFO--Latency_Computer.map_weight_to_cim:   matrix_B.matrix_width=64, matrix_B.matrix_height=32, cim_config.macro_col_num=16, cim_config.macro_row_num=32
INFO--Latency_Computer.map_weight_to_cim:   page_x=4, page_y=1, 利用率=100.00%
INFO--Latency_Computer.compute_cycles:   page_turn=1, 准确的计算周期数=968
INFO--Latency_Computer.compute_latency:   CIM计算延迟=0.00ms
INFO--Latency_Computer.map_weight_to_cim:   matrix_B.matrix_width=32, matrix_B.matrix_height=121, cim_config.macro_col_num=16, cim_config.macro_row_num=32
INFO--Latency_Computer.map_weight_to_cim:   page_x=2, page_y=4, 利用率=94.53%
INFO--Latency_Computer.compute_cycles:   page_turn=1, 准确的计算周期数=512
INFO--Latency_Computer.compute_latency:   CIM计算延迟=0.00ms
INFO--Latency_Computer.map_weight_to_cim:   matrix_B.matrix_width=2048, matrix_B.matrix_height=32, cim_config.macro_col_num=16, cim_config.macro_row_num=32
INFO--Latency_Computer.map_weight_to_cim:   page_x=128, page_y=1, 利用率=100.00%
INFO--Latency_Computer.compute_cycles:   page_turn=1, 准确的计算周期数=512
INFO--Latency_Computer.compute_latency:   CIM计算延迟=0.00ms
INFO--Latency_Computer.transfer_latency:   DRAM传输延迟=0.00ms
INFO--Latency_Computer.transfer_latency:   DRAM传输延迟=0.00ms
INFO--Latency_Computer.transfer_latency:   DRAM传输延迟=0.00ms
INFO--Latency_Computer.transfer_latency:   DRAM传输延迟=0.00ms
INFO--Latency_Computer.transfer_latency:   DRAM传输延迟=0.00ms
INFO--Latency_Computer.transfer_latency:   DRAM传输延迟=0.00ms
INFO--Latency_Computer.transfer_latency:   NoC传输延迟=0.00ms
INFO--Latency_Computer.transfer_latency:   NoC传输延迟=0.01ms
INFO--run_Attn_baseline.run_Attn_baseline:   Attn基线模型计算延迟: 0.00882
INFO--run_Attn_baseline.run_Attn_baseline:   Attn基线模型DRAM延迟: 0.0032107577986995187
INFO--run_Attn_baseline.run_Attn_baseline:   Attn基线模型NoC延迟: 0.005266875
INFO--run_Attn_baseline.run_Attn_baseline:   Attn基线模型非线性延迟: 0.00020007812499999998
INFO--run_Attn_baseline.run_Attn_baseline:   Attn基线模型总延迟: 0.01749771092369952
INFO--Latency_Computer.layernorm_latency:   NNULT layernorm延迟=0.00ms
INFO--Latency_Computer.gelu_latency:   NNULT gelu延迟=0.00ms
INFO--Latency_Computer.map_weight_to_cim:   matrix_B.matrix_width=128, matrix_B.matrix_height=2048, cim_config.macro_col_num=16, cim_config.macro_row_num=32
INFO--Latency_Computer.map_weight_to_cim:   page_x=8, page_y=64, 利用率=100.00%
INFO--Latency_Computer.compute_cycles:   page_turn=4, 准确的计算周期数=2048
INFO--Latency_Computer.compute_latency:   CIM计算延迟=0.01ms
INFO--Latency_Computer.map_weight_to_cim:   matrix_B.matrix_width=2048, matrix_B.matrix_height=128, cim_config.macro_col_num=16, cim_config.macro_row_num=32
INFO--Latency_Computer.map_weight_to_cim:   page_x=128, page_y=4, 利用率=100.00%
INFO--Latency_Computer.compute_cycles:   page_turn=4, 准确的计算周期数=2048
INFO--Latency_Computer.compute_latency:   CIM计算延迟=0.01ms
INFO--Latency_Computer.transfer_latency:   DRAM传输延迟=0.00ms
INFO--Latency_Computer.transfer_latency:   DRAM传输延迟=0.00ms
INFO--Latency_Computer.transfer_latency:   NoC传输延迟=0.01ms
INFO--run_FFN_baseline.run_FFN_baseline:   FFN基线模型计算延迟: 0.01024
INFO--run_FFN_baseline.run_FFN_baseline:   FFN基线模型DRAM延迟: 0.0031360076171367095
INFO--run_FFN_baseline.run_FFN_baseline:   FFN基线模型NoC延迟: 0.00504
INFO--run_FFN_baseline.run_FFN_baseline:   FFN基线模型GELU+LayerNorm延迟: 0.00020007812499999998
INFO--run_FFN_baseline.run_FFN_baseline:   FFN基线模型总延迟: 0.01861608574213671
INFO--CrossAttn_Layer_SeqParal.q_gen_per_core:   start q_gen_per_core
INFO--CrossAttn_Layer_SeqParal.k_gen_per_core:   start k_gen_per_core
INFO--CrossAttn_Layer_SeqParal.v_gen_per_core:   start v_gen_per_core
INFO--CrossAttn_Layer_SeqParal.q_all2all_transfer:   start q_all2all_transfer
INFO--CrossAttn_Layer_SeqParal.k_allgather_transfer:   start k_allgather_transfer
INFO--CrossAttn_Layer_SeqParal.v_allgather_transfer:   start v_allgather_transfer
INFO--CrossAttn_Layer_SeqParal.chunk_s_gen_per_core:   start chunk_s_gen_per_core
INFO--CrossAttn_Layer_SeqParal.sv_gen_per_core:   start sv_gen_per_core
INFO--CrossAttn_Layer_SeqParal.sv_all2all_transfer:   start sv_all2all_transfer
INFO--CrossAttn_Layer_SeqParal.psum_o_gen_per_core:   start psum_o_gen_per_core
INFO--CrossAttn_Layer_SeqParal.o_allreduce_per_core:   start o_allreduce_per_core
INFO--Latency_Computer.softmax_latency:   softmax in_matrix shape=36*48
INFO--Latency_Computer.softmax_latency:   per_row_turns=1, row_num=36
INFO--Latency_Computer.softmax_latency:   NNULT softmax延迟=0.00ms
INFO--Latency_Computer.layernorm_latency:   NNULT layernorm延迟=0.01ms
INFO--Latency_Computer.map_weight_to_cim:   matrix_B.matrix_width=32, matrix_B.matrix_height=2048, cim_config.macro_col_num=16, cim_config.macro_row_num=32
INFO--Latency_Computer.map_weight_to_cim:   page_x=2, page_y=64, 利用率=100.00%
INFO--Latency_Computer.compute_cycles:   page_turn=1, 准确的计算周期数=1152
INFO--Latency_Computer.compute_latency:   CIM计算延迟=0.00ms
INFO--Latency_Computer.map_weight_to_cim:   matrix_B.matrix_width=32, matrix_B.matrix_height=2048, cim_config.macro_col_num=16, cim_config.macro_row_num=32
INFO--Latency_Computer.map_weight_to_cim:   page_x=2, page_y=64, 利用率=100.00%
INFO--Latency_Computer.compute_cycles:   page_turn=1, 准确的计算周期数=384
INFO--Latency_Computer.compute_latency:   CIM计算延迟=0.00ms
INFO--Latency_Computer.map_weight_to_cim:   matrix_B.matrix_width=32, matrix_B.matrix_height=2048, cim_config.macro_col_num=16, cim_config.macro_row_num=32
INFO--Latency_Computer.map_weight_to_cim:   page_x=2, page_y=64, 利用率=100.00%
INFO--Latency_Computer.compute_cycles:   page_turn=1, 准确的计算周期数=384
INFO--Latency_Computer.compute_latency:   CIM计算延迟=0.00ms
INFO--Latency_Computer.map_weight_to_cim:   matrix_B.matrix_width=36, matrix_B.matrix_height=128, cim_config.macro_col_num=16, cim_config.macro_row_num=32
INFO--Latency_Computer.map_weight_to_cim:   page_x=3, page_y=4, 利用率=75.00%
INFO--Latency_Computer.compute_cycles:   page_turn=1, 准确的计算周期数=384
INFO--Latency_Computer.compute_latency:   CIM计算延迟=0.00ms
INFO--Latency_Computer.map_weight_to_cim:   matrix_B.matrix_width=128, matrix_B.matrix_height=48, cim_config.macro_col_num=16, cim_config.macro_row_num=32
INFO--Latency_Computer.map_weight_to_cim:   page_x=8, page_y=2, 利用率=75.00%
INFO--Latency_Computer.compute_cycles:   page_turn=1, 准确的计算周期数=288
INFO--Latency_Computer.compute_latency:   CIM计算延迟=0.00ms
INFO--Latency_Computer.map_weight_to_cim:   matrix_B.matrix_width=2048, matrix_B.matrix_height=32, cim_config.macro_col_num=16, cim_config.macro_row_num=32
INFO--Latency_Computer.map_weight_to_cim:   page_x=128, page_y=1, 利用率=100.00%
INFO--Latency_Computer.compute_cycles:   page_turn=1, 准确的计算周期数=1152
INFO--Latency_Computer.compute_latency:   CIM计算延迟=0.00ms
INFO--Latency_Computer.transfer_latency:   DRAM传输延迟=0.00ms
INFO--Latency_Computer.transfer_latency:   DRAM传输延迟=0.00ms
INFO--Latency_Computer.transfer_latency:   DRAM传输延迟=0.00ms
INFO--Latency_Computer.transfer_latency:   DRAM传输延迟=0.00ms
INFO--Latency_Computer.transfer_latency:   DRAM传输延迟=0.00ms
INFO--Latency_Computer.transfer_latency:   DRAM传输延迟=0.00ms
INFO--Latency_Computer.transfer_latency:   NoC传输延迟=0.00ms
INFO--Latency_Computer.transfer_latency:   NoC传输延迟=0.00ms
INFO--Latency_Computer.transfer_latency:   NoC传输延迟=0.00ms
INFO--Latency_Computer.transfer_latency:   NoC传输延迟=0.00ms
INFO--Latency_Computer.transfer_latency:   NoC传输延迟=0.01ms
INFO--run_CrossAttn_seqparal.run_CrossAttn_seqparal:   CrossAttn序列并行模型非线性延迟: 0.00045007812499999996
INFO--run_CrossAttn_seqparal.run_CrossAttn_seqparal:   CrossAttn序列并行模型计算延迟: 0.00936
INFO--run_CrossAttn_seqparal.run_CrossAttn_seqparal:   CrossAttn序列并行模型DRAM延迟: 0.004241510302323136
INFO--run_CrossAttn_seqparal.run_CrossAttn_seqparal:   CrossAttn序列并行模型NoC延迟: 0.011654999999999999
INFO--run_CrossAttn_seqparal.run_CrossAttn_seqparal:   CrossAttn序列并行模型总延迟: 0.025706588427323134
