INFO--log_tools.setup_logger:   日志系统初始化完成
INFO--main_for_crossattn_seqparal.main_for_CrossAttn_seqparal:   CrossAttn序列并行模型运行开始
INFO--hardware_config.__init__:   CIM配置: 存算比=1, 权重位宽=8, 宏：32行 x 16列
INFO--hardware_config.__init__:   工作频率=400MHz, 功耗=4.048582995951417e-14J/op
INFO--hardware_config.__init__:   DRAM配置: 带宽=249999392.768KB/s, 功耗=7.20896e-09J/KB
INFO--hardware_config.__init__:   NoC配置: 包宽度=1024bit, 带宽=50000000.0KB/s, 工作频率=400MHz, 功耗=5.48864e-08J/KB
INFO--hardware_config.__init__:   NNULT配置: entry_num=256, cycle_period=2.4999999999999998e-06ms, power=2.1584mW
INFO--CrossAttn_Layer_SeqParal.q_gen_per_core:   start q_gen_per_core
INFO--CrossAttn_Layer_SeqParal.k_gen_per_core:   start k_gen_per_core
INFO--CrossAttn_Layer_SeqParal.v_gen_per_core:   start v_gen_per_core
INFO--CrossAttn_Layer_SeqParal.q_all2all_transfer:   start q_all2all_transfer
INFO--CrossAttn_Layer_SeqParal.k_allgather_transfer:   start k_allgather_transfer
INFO--CrossAttn_Layer_SeqParal.v_allgather_transfer:   start v_allgather_transfer
INFO--CrossAttn_Layer_SeqParal.chunk_s_gen_per_core:   start chunk_s_gen_per_core
INFO--CrossAttn_Layer_SeqParal.sv_gen_per_core:   start sv_gen_per_core
INFO--CrossAttn_Layer_SeqParal.sv_all2all_transfer:   start sv_all2all_transfer
INFO--CrossAttn_Layer_SeqParal.psum_o_gen_per_core:   start psum_o_gen_per_core
INFO--CrossAttn_Layer_SeqParal.o_allreduce_per_core:   start o_allreduce_per_core
INFO--Latency_Computer.softmax_latency:   softmax in_matrix shape=1024*48
INFO--Latency_Computer.softmax_latency:   scale=192
INFO--Latency_Computer.softmax_latency:   NNULT softmax延迟=0.00ms
INFO--Latency_Computer.layernorm_latency:   NNULT layernorm延迟=0.16ms
INFO--Latency_Computer.map_weight_to_cim:   matrix_B.matrix_width=32, matrix_B.matrix_height=2048, cim_config.macro_col_num=16, cim_config.macro_row_num=32
INFO--Latency_Computer.map_weight_to_cim:   page_x=2, page_y=64, 利用率=100.00%
INFO--Latency_Computer.compute_cycles:   page_turn=1, 准确的计算周期数=32768
INFO--Latency_Computer.compute_latency:   CIM计算延迟=0.08ms
INFO--Latency_Computer.map_weight_to_cim:   matrix_B.matrix_width=32, matrix_B.matrix_height=2048, cim_config.macro_col_num=16, cim_config.macro_row_num=32
INFO--Latency_Computer.map_weight_to_cim:   page_x=2, page_y=64, 利用率=100.00%
INFO--Latency_Computer.compute_cycles:   page_turn=1, 准确的计算周期数=384
INFO--Latency_Computer.compute_latency:   CIM计算延迟=0.00ms
INFO--Latency_Computer.map_weight_to_cim:   matrix_B.matrix_width=32, matrix_B.matrix_height=2048, cim_config.macro_col_num=16, cim_config.macro_row_num=32
INFO--Latency_Computer.map_weight_to_cim:   page_x=2, page_y=64, 利用率=100.00%
INFO--Latency_Computer.compute_cycles:   page_turn=1, 准确的计算周期数=384
INFO--Latency_Computer.compute_latency:   CIM计算延迟=0.00ms
INFO--Latency_Computer.map_weight_to_cim:   matrix_B.matrix_width=1024, matrix_B.matrix_height=128, cim_config.macro_col_num=16, cim_config.macro_row_num=32
INFO--Latency_Computer.map_weight_to_cim:   page_x=64, page_y=4, 利用率=100.00%
INFO--Latency_Computer.compute_cycles:   page_turn=2, 准确的计算周期数=768
INFO--Latency_Computer.compute_latency:   CIM计算延迟=0.00ms
INFO--Latency_Computer.map_weight_to_cim:   matrix_B.matrix_width=128, matrix_B.matrix_height=48, cim_config.macro_col_num=16, cim_config.macro_row_num=32
INFO--Latency_Computer.map_weight_to_cim:   page_x=8, page_y=2, 利用率=75.00%
INFO--Latency_Computer.compute_cycles:   page_turn=1, 准确的计算周期数=8192
INFO--Latency_Computer.compute_latency:   CIM计算延迟=0.02ms
INFO--Latency_Computer.map_weight_to_cim:   matrix_B.matrix_width=2048, matrix_B.matrix_height=32, cim_config.macro_col_num=16, cim_config.macro_row_num=32
INFO--Latency_Computer.map_weight_to_cim:   page_x=128, page_y=1, 利用率=100.00%
INFO--Latency_Computer.compute_cycles:   page_turn=1, 准确的计算周期数=32768
INFO--Latency_Computer.compute_latency:   CIM计算延迟=0.08ms
INFO--Latency_Computer.transfer_latency:   DRAM传输延迟=0.03ms
INFO--Latency_Computer.transfer_latency:   DRAM传输延迟=0.00ms
INFO--Latency_Computer.transfer_latency:   DRAM传输延迟=0.00ms
INFO--Latency_Computer.transfer_latency:   DRAM传输延迟=0.00ms
INFO--Latency_Computer.transfer_latency:   DRAM传输延迟=0.00ms
INFO--Latency_Computer.transfer_latency:   DRAM传输延迟=0.03ms
INFO--Latency_Computer.transfer_latency:   NoC传输延迟=0.00ms
INFO--Latency_Computer.transfer_latency:   NoC传输延迟=0.00ms
INFO--Latency_Computer.transfer_latency:   NoC传输延迟=0.00ms
INFO--Latency_Computer.transfer_latency:   NoC传输延迟=0.00ms
INFO--Latency_Computer.transfer_latency:   NoC传输延迟=0.32ms
INFO--run_CrossAttn_seqparal.run_CrossAttn_seqparal:   CrossAttn序列并行模型非线性延迟: 0.0035199999999999997
INFO--run_CrossAttn_seqparal.run_CrossAttn_seqparal:   CrossAttn序列并行模型计算延迟: 0.18816000000000002
INFO--run_CrossAttn_seqparal.run_CrossAttn_seqparal:   CrossAttn序列并行模型DRAM延迟: 0.0698201695881649
INFO--run_CrossAttn_seqparal.run_CrossAttn_seqparal:   CrossAttn序列并行模型NoC延迟: 0.32658000000000004
INFO--run_CrossAttn_seqparal.run_CrossAttn_seqparal:   CrossAttn序列并行模型总延迟: 0.588080169588165
